2026-06-13 20:50:58.913 [main] INFO  Freerouting v1.9.0 (build-date: 2023-10-30)
2026-06-13 20:51:00.363 [ForkJoinPool.commonPool-worker-1] INFO  New version available: v2.2.4
2026-06-13 20:51:42.903 [main] INFO  Freerouting v1.9.0 (build-date: 2023-10-30)
2026-06-13 20:51:42.920 [main] INFO  Settings were loaded from freerouting.json
2026-06-13 20:51:44.372 [ForkJoinPool.commonPool-worker-1] INFO  New version available: v2.2.4
2026-06-13 21:10:25.214 [main] INFO  Freerouting v1.9.0 (build-date: 2023-10-30)
2026-06-13 21:10:25.231 [main] INFO  Settings were loaded from freerouting.json
2026-06-13 21:10:26.660 [ForkJoinPool.commonPool-worker-1] INFO  New version available: v2.2.4
2026-06-13 21:10:41.443 [AWT-EventQueue-0] INFO  Opening 'freerouting.dsn'...
2026-06-13 21:10:48.981 [Thread-31] INFO  Starting auto-routing...
2026-06-13 21:10:49.206 [Thread-31] WARN  FloatLine: Parameter is null
2026-06-13 21:12:01.371 [Thread-31] WARN  CalcFromSide: start corner was not found
2026-06-13 21:12:24.665 [Thread-31] WARN  CalcFromSide: start corner was not found
2026-06-13 21:12:24.872 [Thread-31] WARN  CalcFromSide: start corner was not found
2026-06-13 21:12:30.036 [Thread-31] WARN  CalcFromSide: start corner was not found
2026-06-13 21:12:30.049 [Thread-31] WARN  CalcFromSide: start corner was not found
2026-06-13 21:12:32.590 [Thread-31] WARN  CalcFromSide: start corner was not found
2026-06-13 21:12:32.624 [Thread-31] WARN  CalcFromSide: start corner was not found
2026-06-13 21:12:33.361 [Thread-31] WARN  CalcFromSide: start corner was not found
2026-06-13 21:12:33.408 [Thread-31] WARN  CalcFromSide: start corner was not found
2026-06-13 21:12:34.030 [Thread-31] WARN  CalcFromSide: start corner was not found
2026-06-13 21:12:34.112 [Thread-31] WARN  CalcFromSide: start corner was not found
2026-06-13 21:12:34.132 [Thread-31] WARN  CalcFromSide: start corner was not found
2026-06-13 21:12:36.892 [Thread-31] WARN  CalcFromSide: start corner was not found
2026-06-13 21:12:38.708 [Thread-31] WARN  CalcFromSide: start corner was not found
2026-06-13 21:12:39.030 [Thread-31] WARN  CalcFromSide: start corner was not found
2026-06-13 21:12:43.752 [Thread-31] WARN  CalcFromSide: start corner was not found
2026-06-13 21:12:43.780 [Thread-31] WARN  CalcFromSide: start corner was not found
2026-06-13 21:12:43.829 [Thread-31] WARN  CalcFromSide: start corner was not found
2026-06-13 21:12:45.157 [Thread-31] WARN  CalcFromSide: start corner was not found
2026-06-13 21:12:45.182 [Thread-31] WARN  CalcFromSide: start corner was not found
2026-06-13 21:12:47.722 [Thread-31] WARN  CalcFromSide: start corner was not found
2026-06-13 21:12:47.981 [Thread-31] WARN  CalcFromSide: start corner was not found
2026-06-13 21:12:48.052 [Thread-31] WARN  CalcFromSide: start corner was not found
2026-06-13 21:12:48.074 [Thread-31] WARN  CalcFromSide: start corner was not found
2026-06-13 21:12:49.045 [Thread-31] WARN  CalcFromSide: start corner was not found
2026-06-13 21:12:49.196 [Thread-31] WARN  CalcFromSide: start corner was not found
2026-06-13 21:12:49.901 [Thread-31] WARN  CalcFromSide: start corner was not found
2026-06-13 21:12:50.008 [Thread-31] WARN  CalcFromSide: start corner was not found
2026-06-13 21:13:18.322 [Thread-31] WARN  CalcFromSide: start corner was not found
2026-06-13 21:13:28.518 [Thread-31] WARN  CalcFromSide: start corner was not found
2026-06-13 21:33:55.393 [Thread-31] INFO  Auto-routing was completed in 23 minute(s) 6.41 seconds.
2026-06-13 21:33:55.494 [Thread-31] INFO  Starting route optimization on 1 thread...
2026-06-13 21:33:55.496 [Thread-31] INFO  Route optimization was completed in 0.00 seconds.
2026-06-14 06:48:23.149 [main] INFO  Freerouting v1.9.0 (build-date: 2023-10-30)
2026-06-14 06:48:23.171 [main] INFO  Settings were loaded from freerouting.json
2026-06-14 06:48:24.721 [ForkJoinPool.commonPool-worker-1] INFO  New version available: v2.2.4
2026-06-14 06:48:28.835 [AWT-EventQueue-0] INFO  Opening 'freerouting.dsn'...
